[2026-06-27 00:05:00,388] [INFO] [training.callbacks] [callbacks.py:62]: Initializing WandB experiment logger...
[2026-06-27 00:05:01,732] [INFO] [training.callbacks] [callbacks.py:47]: Early stopping triggered at epoch 3.
[2026-06-27 00:05:01,733] [INFO] [training.callbacks] [callbacks.py:100]: Saved training history to C:\Users\Swayam\AppData\Local\Temp\pytest-of-Swayam\pytest-13\test_trainer_pipeline_and_call0\experiments\history.json
[2026-06-27 00:05:07,538] [INFO] [training.callbacks] [callbacks.py:138]: Saved loss and accuracy visualization curves.
[2026-06-27 00:06:23,142] [INFO] [training.callbacks] [callbacks.py:62]: Initializing WandB experiment logger...
[2026-06-27 00:06:24,011] [INFO] [training.callbacks] [callbacks.py:100]: Saved training history to C:\Users\Swayam\AppData\Local\Temp\pytest-of-Swayam\pytest-14\test_trainer_pipeline_and_call0\experiments\history.json
[2026-06-27 00:06:25,010] [INFO] [training.callbacks] [callbacks.py:138]: Saved loss and accuracy visualization curves.
[2026-06-27 01:15:10,033] [INFO] [training.callbacks] [callbacks.py:62]: Initializing WandB experiment logger...
[2026-06-27 01:15:11,254] [INFO] [training.callbacks] [callbacks.py:47]: Early stopping triggered at epoch 3.
[2026-06-27 01:15:11,255] [INFO] [training.callbacks] [callbacks.py:100]: Saved training history to C:\Users\Swayam\AppData\Local\Temp\pytest-of-Swayam\pytest-15\test_trainer_pipeline_and_call0\experiments\history.json
[2026-06-27 01:15:12,754] [INFO] [training.callbacks] [callbacks.py:138]: Saved loss and accuracy visualization curves.
[2026-06-27 01:16:51,480] [INFO] [training.callbacks] [callbacks.py:62]: Initializing WandB experiment logger...
[2026-06-27 01:30:25,119] [INFO] [training.callbacks] [callbacks.py:62]: Initializing WandB experiment logger...
[2026-06-27 01:33:25,907] [INFO] [training.callbacks] [callbacks.py:62]: Initializing WandB experiment logger...
[2026-06-27 01:36:12,545] [INFO] [training.callbacks] [callbacks.py:62]: Initializing WandB experiment logger...
[2026-06-27 01:37:10,177] [INFO] [training.callbacks] [callbacks.py:62]: Initializing WandB experiment logger...
[2026-06-27 01:41:23,902] [INFO] [training.callbacks] [callbacks.py:62]: Initializing WandB experiment logger...
[2026-06-27 01:41:28,678] [INFO] [training.callbacks] [callbacks.py:100]: Saved training history to C:\Users\Swayam\AppData\Local\Temp\pytest-of-Swayam\pytest-21\test_autism_training_smoke_tes0\experiment\history.json
[2026-06-27 01:41:29,219] [INFO] [training.callbacks] [callbacks.py:138]: Saved loss and accuracy visualization curves.
[2026-06-27 01:41:38,287] [INFO] [training.callbacks] [callbacks.py:62]: Initializing WandB experiment logger...
[2026-06-27 01:41:40,164] [INFO] [training.callbacks] [callbacks.py:100]: Saved training history to C:\Users\Swayam\AppData\Local\Temp\pytest-of-Swayam\pytest-21\test_autism_training_smoke_tes0\experiment_resume\history.json
[2026-06-27 01:41:40,577] [INFO] [training.callbacks] [callbacks.py:138]: Saved loss and accuracy visualization curves.
[2026-06-27 01:42:49,221] [INFO] [training.callbacks] [callbacks.py:62]: Initializing WandB experiment logger...
[2026-06-27 01:42:53,882] [INFO] [training.callbacks] [callbacks.py:100]: Saved training history to C:\Users\Swayam\AppData\Local\Temp\pytest-of-Swayam\pytest-22\test_autism_training_smoke_tes0\experiment\history.json
[2026-06-27 01:42:54,408] [INFO] [training.callbacks] [callbacks.py:138]: Saved loss and accuracy visualization curves.
[2026-06-27 01:43:03,615] [INFO] [training.callbacks] [callbacks.py:62]: Initializing WandB experiment logger...
[2026-06-27 01:43:05,539] [INFO] [training.callbacks] [callbacks.py:100]: Saved training history to C:\Users\Swayam\AppData\Local\Temp\pytest-of-Swayam\pytest-22\test_autism_training_smoke_tes0\experiment_resume\history.json
[2026-06-27 01:43:05,952] [INFO] [training.callbacks] [callbacks.py:138]: Saved loss and accuracy visualization curves.
[2026-06-27 01:43:12,315] [INFO] [training.callbacks] [callbacks.py:62]: Initializing WandB experiment logger...
[2026-06-27 01:44:15,750] [INFO] [training.callbacks] [callbacks.py:62]: Initializing WandB experiment logger...
[2026-06-27 01:44:20,953] [INFO] [training.callbacks] [callbacks.py:100]: Saved training history to C:\Users\Swayam\AppData\Local\Temp\pytest-of-Swayam\pytest-23\test_autism_training_smoke_tes0\experiment\history.json
[2026-06-27 01:44:21,422] [INFO] [training.callbacks] [callbacks.py:138]: Saved loss and accuracy visualization curves.
[2026-06-27 01:44:30,899] [INFO] [training.callbacks] [callbacks.py:62]: Initializing WandB experiment logger...
[2026-06-27 01:44:32,873] [INFO] [training.callbacks] [callbacks.py:100]: Saved training history to C:\Users\Swayam\AppData\Local\Temp\pytest-of-Swayam\pytest-23\test_autism_training_smoke_tes0\experiment_resume\history.json
[2026-06-27 01:44:33,329] [INFO] [training.callbacks] [callbacks.py:138]: Saved loss and accuracy visualization curves.
[2026-06-27 01:44:40,116] [INFO] [training.callbacks] [callbacks.py:62]: Initializing WandB experiment logger...
[2026-06-27 01:44:40,203] [INFO] [training.callbacks] [callbacks.py:47]: Early stopping triggered at epoch 3.
[2026-06-27 01:44:40,204] [INFO] [training.callbacks] [callbacks.py:100]: Saved training history to C:\Users\Swayam\AppData\Local\Temp\pytest-of-Swayam\pytest-23\test_trainer_pipeline_and_call0\experiments\history.json
[2026-06-27 01:44:40,698] [INFO] [training.callbacks] [callbacks.py:138]: Saved loss and accuracy visualization curves.
[2026-06-27 03:02:30,735] [INFO] [training.callbacks] [callbacks.py:62]: Initializing WandB experiment logger...
[2026-06-27 03:02:36,641] [INFO] [training.callbacks] [callbacks.py:100]: Saved training history to C:\Users\Swayam\AppData\Local\Temp\pytest-of-Swayam\pytest-25\test_autism_training_smoke_tes0\experiment\history.json
[2026-06-27 03:02:37,731] [INFO] [training.callbacks] [callbacks.py:138]: Saved loss and accuracy visualization curves.
[2026-06-27 03:02:47,882] [INFO] [training.callbacks] [callbacks.py:62]: Initializing WandB experiment logger...
[2026-06-27 03:02:50,190] [INFO] [training.callbacks] [callbacks.py:100]: Saved training history to C:\Users\Swayam\AppData\Local\Temp\pytest-of-Swayam\pytest-25\test_autism_training_smoke_tes0\experiment_resume\history.json
[2026-06-27 03:02:50,624] [INFO] [training.callbacks] [callbacks.py:138]: Saved loss and accuracy visualization curves.
[2026-06-27 03:02:57,376] [INFO] [training.callbacks] [callbacks.py:62]: Initializing WandB experiment logger...
[2026-06-27 03:02:57,583] [INFO] [training.callbacks] [callbacks.py:100]: Saved training history to C:\Users\Swayam\AppData\Local\Temp\pytest-of-Swayam\pytest-25\test_trainer_pipeline_and_call0\experiments\history.json
[2026-06-27 03:02:58,054] [INFO] [training.callbacks] [callbacks.py:138]: Saved loss and accuracy visualization curves.
[2026-06-27 03:35:26,222] [INFO] [training.callbacks] [callbacks.py:62]: Initializing WandB experiment logger...
[2026-06-27 03:35:31,647] [INFO] [training.callbacks] [callbacks.py:100]: Saved training history to C:\Users\Swayam\AppData\Local\Temp\pytest-of-Swayam\pytest-27\test_autism_training_smoke_tes0\experiment\history.json
[2026-06-27 03:35:32,183] [INFO] [training.callbacks] [callbacks.py:138]: Saved loss and accuracy visualization curves.
[2026-06-27 03:35:42,037] [INFO] [training.callbacks] [callbacks.py:62]: Initializing WandB experiment logger...
[2026-06-27 03:35:43,973] [INFO] [training.callbacks] [callbacks.py:100]: Saved training history to C:\Users\Swayam\AppData\Local\Temp\pytest-of-Swayam\pytest-27\test_autism_training_smoke_tes0\experiment_resume\history.json
[2026-06-27 03:35:44,374] [INFO] [training.callbacks] [callbacks.py:138]: Saved loss and accuracy visualization curves.
[2026-06-27 03:35:44,599] [INFO] [training.callbacks] [callbacks.py:62]: Initializing WandB experiment logger...
[2026-06-27 03:35:44,776] [INFO] [training.callbacks] [callbacks.py:100]: Saved training history to C:\Users\Swayam\AppData\Local\Temp\pytest-of-Swayam\pytest-27\test_trainer_pipeline_and_call0\experiments\history.json
[2026-06-27 03:35:45,225] [INFO] [training.callbacks] [callbacks.py:138]: Saved loss and accuracy visualization curves.
[2026-06-27 03:36:42,750] [INFO] [training.callbacks] [callbacks.py:62]: Initializing WandB experiment logger...
[2026-06-27 03:36:47,787] [INFO] [training.callbacks] [callbacks.py:100]: Saved training history to C:\Users\Swayam\AppData\Local\Temp\pytest-of-Swayam\pytest-28\test_autism_training_smoke_tes0\experiment\history.json
[2026-06-27 03:36:48,277] [INFO] [training.callbacks] [callbacks.py:138]: Saved loss and accuracy visualization curves.
[2026-06-27 03:36:57,578] [INFO] [training.callbacks] [callbacks.py:62]: Initializing WandB experiment logger...
[2026-06-27 03:36:59,667] [INFO] [training.callbacks] [callbacks.py:100]: Saved training history to C:\Users\Swayam\AppData\Local\Temp\pytest-of-Swayam\pytest-28\test_autism_training_smoke_tes0\experiment_resume\history.json
[2026-06-27 03:37:00,095] [INFO] [training.callbacks] [callbacks.py:138]: Saved loss and accuracy visualization curves.
[2026-06-27 03:37:06,637] [INFO] [training.callbacks] [callbacks.py:62]: Initializing WandB experiment logger...
[2026-06-27 03:37:06,810] [INFO] [training.callbacks] [callbacks.py:100]: Saved training history to C:\Users\Swayam\AppData\Local\Temp\pytest-of-Swayam\pytest-28\test_trainer_pipeline_and_call0\experiments\history.json
[2026-06-27 03:37:07,247] [INFO] [training.callbacks] [callbacks.py:138]: Saved loss and accuracy visualization curves.
[2026-06-27 03:57:17,330] [INFO] [training.callbacks] [callbacks.py:62]: Initializing WandB experiment logger...
[2026-06-27 03:57:22,877] [INFO] [training.callbacks] [callbacks.py:100]: Saved training history to C:\Users\Swayam\AppData\Local\Temp\pytest-of-Swayam\pytest-29\test_autism_training_smoke_tes0\experiment\history.json
[2026-06-27 03:57:23,418] [INFO] [training.callbacks] [callbacks.py:138]: Saved loss and accuracy visualization curves.
[2026-06-27 03:57:32,898] [INFO] [training.callbacks] [callbacks.py:62]: Initializing WandB experiment logger...
[2026-06-27 03:57:34,924] [INFO] [training.callbacks] [callbacks.py:100]: Saved training history to C:\Users\Swayam\AppData\Local\Temp\pytest-of-Swayam\pytest-29\test_autism_training_smoke_tes0\experiment_resume\history.json
[2026-06-27 03:57:35,336] [INFO] [training.callbacks] [callbacks.py:138]: Saved loss and accuracy visualization curves.
[2026-06-27 03:57:41,876] [INFO] [training.callbacks] [callbacks.py:62]: Initializing WandB experiment logger...
[2026-06-27 03:57:42,042] [INFO] [training.callbacks] [callbacks.py:47]: Early stopping triggered at epoch 3.
[2026-06-27 03:57:42,042] [INFO] [training.callbacks] [callbacks.py:100]: Saved training history to C:\Users\Swayam\AppData\Local\Temp\pytest-of-Swayam\pytest-29\test_trainer_pipeline_and_call0\experiments\history.json
[2026-06-27 03:57:42,491] [INFO] [training.callbacks] [callbacks.py:138]: Saved loss and accuracy visualization curves.
[2026-06-27 04:15:45,087] [INFO] [training.callbacks] [callbacks.py:62]: Initializing WandB experiment logger...
[2026-06-27 04:15:49,801] [INFO] [training.callbacks] [callbacks.py:100]: Saved training history to C:\Users\Swayam\AppData\Local\Temp\pytest-of-Swayam\pytest-30\test_autism_training_smoke_tes0\experiment\history.json
[2026-06-27 04:15:50,407] [INFO] [training.callbacks] [callbacks.py:138]: Saved loss and accuracy visualization curves.
[2026-06-27 04:15:59,904] [INFO] [training.callbacks] [callbacks.py:62]: Initializing WandB experiment logger...
[2026-06-27 04:16:02,162] [INFO] [training.callbacks] [callbacks.py:100]: Saved training history to C:\Users\Swayam\AppData\Local\Temp\pytest-of-Swayam\pytest-30\test_autism_training_smoke_tes0\experiment_resume\history.json
[2026-06-27 04:16:02,563] [INFO] [training.callbacks] [callbacks.py:138]: Saved loss and accuracy visualization curves.
[2026-06-27 04:17:16,992] [INFO] [training.callbacks] [callbacks.py:62]: Initializing WandB experiment logger...
[2026-06-27 04:17:22,348] [INFO] [training.callbacks] [callbacks.py:100]: Saved training history to C:\Users\Swayam\AppData\Local\Temp\pytest-of-Swayam\pytest-31\test_autism_training_smoke_tes0\experiment\history.json
[2026-06-27 04:17:22,923] [INFO] [training.callbacks] [callbacks.py:138]: Saved loss and accuracy visualization curves.
[2026-06-27 04:17:33,022] [INFO] [training.callbacks] [callbacks.py:62]: Initializing WandB experiment logger...
[2026-06-27 04:17:35,515] [INFO] [training.callbacks] [callbacks.py:100]: Saved training history to C:\Users\Swayam\AppData\Local\Temp\pytest-of-Swayam\pytest-31\test_autism_training_smoke_tes0\experiment_resume\history.json
[2026-06-27 04:17:35,951] [INFO] [training.callbacks] [callbacks.py:138]: Saved loss and accuracy visualization curves.
[2026-06-27 04:27:41,881] [INFO] [training.callbacks] [callbacks.py:62]: Initializing WandB experiment logger...
[2026-06-27 04:27:46,806] [INFO] [training.callbacks] [callbacks.py:100]: Saved training history to C:\Users\Swayam\AppData\Local\Temp\pytest-of-Swayam\pytest-32\test_autism_training_smoke_tes0\experiment\history.json
[2026-06-27 04:27:47,372] [INFO] [training.callbacks] [callbacks.py:138]: Saved loss and accuracy visualization curves.
[2026-06-27 04:28:52,729] [INFO] [training.callbacks] [callbacks.py:62]: Initializing WandB experiment logger...
[2026-06-27 04:30:34,566] [INFO] [training.callbacks] [callbacks.py:100]: Saved training history to C:\Users\Swayam\AppData\Local\Temp\pytest-of-Swayam\pytest-33\test_autism_training_smoke_tes0\experiment\history.json
[2026-06-27 04:30:35,090] [INFO] [training.callbacks] [callbacks.py:138]: Saved loss and accuracy visualization curves.
[2026-06-27 04:30:47,289] [INFO] [training.callbacks] [callbacks.py:62]: Initializing WandB experiment logger...
[2026-06-27 04:31:36,563] [INFO] [training.callbacks] [callbacks.py:100]: Saved training history to C:\Users\Swayam\AppData\Local\Temp\pytest-of-Swayam\pytest-33\test_autism_training_smoke_tes0\experiment_resume\history.json
[2026-06-27 04:31:36,991] [INFO] [training.callbacks] [callbacks.py:138]: Saved loss and accuracy visualization curves.
[2026-06-27 04:32:30,028] [INFO] [training.callbacks] [callbacks.py:62]: Initializing WandB experiment logger...
[2026-06-27 04:32:35,354] [INFO] [training.callbacks] [callbacks.py:100]: Saved training history to C:\Users\Swayam\AppData\Local\Temp\pytest-of-Swayam\pytest-34\test_autism_training_smoke_tes0\experiment\history.json
[2026-06-27 04:32:35,845] [INFO] [training.callbacks] [callbacks.py:138]: Saved loss and accuracy visualization curves.
[2026-06-27 04:32:45,265] [INFO] [training.callbacks] [callbacks.py:62]: Initializing WandB experiment logger...
[2026-06-27 04:32:47,411] [INFO] [training.callbacks] [callbacks.py:100]: Saved training history to C:\Users\Swayam\AppData\Local\Temp\pytest-of-Swayam\pytest-34\test_autism_training_smoke_tes0\experiment_resume\history.json
[2026-06-27 04:32:47,849] [INFO] [training.callbacks] [callbacks.py:138]: Saved loss and accuracy visualization curves.
[2026-06-27 04:33:45,579] [INFO] [training.callbacks] [callbacks.py:62]: Initializing WandB experiment logger...
[2026-06-27 04:33:50,890] [INFO] [training.callbacks] [callbacks.py:100]: Saved training history to C:\Users\Swayam\AppData\Local\Temp\pytest-of-Swayam\pytest-35\test_autism_training_smoke_tes0\experiment\history.json
[2026-06-27 04:33:51,385] [INFO] [training.callbacks] [callbacks.py:138]: Saved loss and accuracy visualization curves.
[2026-06-27 04:34:00,891] [INFO] [training.callbacks] [callbacks.py:62]: Initializing WandB experiment logger...
[2026-06-27 04:34:03,138] [INFO] [training.callbacks] [callbacks.py:100]: Saved training history to C:\Users\Swayam\AppData\Local\Temp\pytest-of-Swayam\pytest-35\test_autism_training_smoke_tes0\experiment_resume\history.json
[2026-06-27 04:34:03,553] [INFO] [training.callbacks] [callbacks.py:138]: Saved loss and accuracy visualization curves.
[2026-06-27 04:34:10,184] [INFO] [training.callbacks] [callbacks.py:62]: Initializing WandB experiment logger...
[2026-06-27 04:34:10,403] [INFO] [training.callbacks] [callbacks.py:100]: Saved training history to C:\Users\Swayam\AppData\Local\Temp\pytest-of-Swayam\pytest-35\test_trainer_pipeline_and_call0\experiments\history.json
[2026-06-27 04:34:10,460] [ERROR] [training.callbacks] [callbacks.py:140]: HistoryTracker failed to plot and save visualization curves: Can't find a usable tk.tcl in the following directories: 
    C:/Python313/tcl/tcl8.6/tk8.6 C:/Python313/tcl/tk8.6 C:/lib/tk8.6 C:/lib/tk8.6 C:/lib/tk8.6 C:/library

C:/Python313/tcl/tk8.6/tk.tcl: couldn't read file "C:/Python313/tcl/tk8.6/ttk/progress.tcl": no such file or directory
couldn't read file "C:/Python313/tcl/tk8.6/ttk/progress.tcl": no such file or directory
    while executing
"source -encoding utf-8 [file join $::ttk::library progress.tcl]"
    (file "C:/Python313/tcl/tk8.6/ttk/ttk.tcl" line 119)
    invoked from within
"source -encoding utf-8 C:/Python313/tcl/tk8.6/ttk/ttk.tcl"
    ("uplevel" body line 1)
    invoked from within
"uplevel \#0 [list source -encoding utf-8 $::ttk::library/ttk.tcl]"
    (file "C:/Python313/tcl/tk8.6/tk.tcl" line 702)
    invoked from within
"source -encoding utf-8 C:/Python313/tcl/tk8.6/tk.tcl"
    ("uplevel" body line 1)
    invoked from within
"uplevel #0 [list source -encoding utf-8 $file]"


This probably means that tk wasn't installed properly.

[2026-06-27 04:35:08,244] [INFO] [training.callbacks] [callbacks.py:64]: Initializing WandB experiment logger...
[2026-06-27 04:35:13,569] [INFO] [training.callbacks] [callbacks.py:102]: Saved training history to C:\Users\Swayam\AppData\Local\Temp\pytest-of-Swayam\pytest-36\test_autism_training_smoke_tes0\experiment\history.json
[2026-06-27 04:35:13,894] [INFO] [training.callbacks] [callbacks.py:140]: Saved loss and accuracy visualization curves.
[2026-06-27 04:35:23,185] [INFO] [training.callbacks] [callbacks.py:64]: Initializing WandB experiment logger...
[2026-06-27 04:35:25,311] [INFO] [training.callbacks] [callbacks.py:102]: Saved training history to C:\Users\Swayam\AppData\Local\Temp\pytest-of-Swayam\pytest-36\test_autism_training_smoke_tes0\experiment_resume\history.json
[2026-06-27 04:35:25,646] [INFO] [training.callbacks] [callbacks.py:140]: Saved loss and accuracy visualization curves.
[2026-06-27 04:35:32,171] [INFO] [training.callbacks] [callbacks.py:64]: Initializing WandB experiment logger...
[2026-06-27 04:35:32,351] [INFO] [training.callbacks] [callbacks.py:49]: Early stopping triggered at epoch 3.
[2026-06-27 04:35:32,352] [INFO] [training.callbacks] [callbacks.py:102]: Saved training history to C:\Users\Swayam\AppData\Local\Temp\pytest-of-Swayam\pytest-36\test_trainer_pipeline_and_call0\experiments\history.json
[2026-06-27 04:35:32,722] [INFO] [training.callbacks] [callbacks.py:140]: Saved loss and accuracy visualization curves.
