[2026-06-27 03:35:08,885] [INFO] [preprocess_autism] [preprocess_autism.py:89]: Starting offline dataset preprocessing...
[2026-06-27 03:35:08,895] [INFO] [preprocess_autism] [preprocess_autism.py:107]: Submitting 20 subjects for preprocessing (using default workers)...
[2026-06-27 03:35:20,141] [INFO] [preprocess_autism] [preprocess_autism.py:129]: Progress: [10/20] processed. Success count: 10
[2026-06-27 03:35:23,262] [INFO] [preprocess_autism] [preprocess_autism.py:129]: Progress: [20/20] processed. Success count: 20
[2026-06-27 03:35:24,551] [INFO] [preprocess_autism] [preprocess_autism.py:133]: Offline dataset preprocessing completed. Successfully preprocessed: 20/20
[2026-06-27 03:35:41,766] [INFO] [preprocess_autism] [preprocess_autism.py:89]: Starting offline dataset preprocessing...
[2026-06-27 03:35:41,768] [INFO] [preprocess_autism] [preprocess_autism.py:104]: All subjects already preprocessed. Nothing to do.
[2026-06-27 03:36:27,291] [INFO] [preprocess_autism] [preprocess_autism.py:89]: Starting offline dataset preprocessing...
[2026-06-27 03:36:27,299] [INFO] [preprocess_autism] [preprocess_autism.py:107]: Submitting 20 subjects for preprocessing (using default workers)...
[2026-06-27 03:36:37,141] [INFO] [preprocess_autism] [preprocess_autism.py:129]: Progress: [10/20] processed. Success count: 10
[2026-06-27 03:36:40,097] [INFO] [preprocess_autism] [preprocess_autism.py:129]: Progress: [20/20] processed. Success count: 20
[2026-06-27 03:36:41,282] [INFO] [preprocess_autism] [preprocess_autism.py:133]: Offline dataset preprocessing completed. Successfully preprocessed: 20/20
[2026-06-27 03:36:57,311] [INFO] [preprocess_autism] [preprocess_autism.py:89]: Starting offline dataset preprocessing...
[2026-06-27 03:36:57,313] [INFO] [preprocess_autism] [preprocess_autism.py:104]: All subjects already preprocessed. Nothing to do.
[2026-06-27 03:57:00,306] [INFO] [preprocess_autism] [preprocess_autism.py:93]: Starting offline dataset preprocessing...
[2026-06-27 03:57:00,317] [INFO] [preprocess_autism] [preprocess_autism.py:116]: Submitting 20 subjects for preprocessing (using default workers)...
[2026-06-27 03:57:09,279] [INFO] [preprocess_autism] [preprocess_autism.py:158]: [1/20] Subject: sub-ab05 | Time: 3.2s | Average: 9.0s | ETA: 2m 50s
[2026-06-27 03:57:09,279] [INFO] [preprocess_autism] [preprocess_autism.py:158]: [2/20] Subject: sub-ab02 | Time: 2.6s | Average: 4.5s | ETA: 1m 20s
[2026-06-27 03:57:09,280] [INFO] [preprocess_autism] [preprocess_autism.py:158]: [3/20] Subject: sub-ab04 | Time: 2.8s | Average: 3.0s | ETA: 50s
[2026-06-27 03:57:09,280] [INFO] [preprocess_autism] [preprocess_autism.py:158]: [4/20] Subject: sub-ab03 | Time: 2.7s | Average: 2.2s | ETA: 35s
[2026-06-27 03:57:09,280] [INFO] [preprocess_autism] [preprocess_autism.py:158]: [5/20] Subject: sub-ab12 | Time: 3.2s | Average: 1.8s | ETA: 26s
[2026-06-27 03:57:09,280] [INFO] [preprocess_autism] [preprocess_autism.py:158]: [6/20] Subject: sub-ab10 | Time: 3.1s | Average: 1.5s | ETA: 20s
[2026-06-27 03:57:09,281] [INFO] [preprocess_autism] [preprocess_autism.py:158]: [7/20] Subject: sub-ab01 | Time: 2.4s | Average: 1.3s | ETA: 16s
[2026-06-27 03:57:09,566] [INFO] [preprocess_autism] [preprocess_autism.py:158]: [8/20] Subject: sub-ab06 | Time: 3.2s | Average: 1.2s | ETA: 13s
[2026-06-27 03:57:10,371] [INFO] [preprocess_autism] [preprocess_autism.py:158]: [9/20] Subject: sub-ab13 | Time: 3.5s | Average: 1.1s | ETA: 12s
[2026-06-27 03:57:10,900] [INFO] [preprocess_autism] [preprocess_autism.py:158]: [10/20] Subject: sub-ab07 | Time: 3.6s | Average: 1.1s | ETA: 10s
[2026-06-27 03:57:11,092] [INFO] [preprocess_autism] [preprocess_autism.py:158]: [11/20] Subject: sub-ab15 | Time: 3.6s | Average: 1.0s | ETA: 8s
[2026-06-27 03:57:11,889] [INFO] [preprocess_autism] [preprocess_autism.py:158]: [12/20] Subject: sub-ab17 | Time: 3.4s | Average: 1.0s | ETA: 7s
[2026-06-27 03:57:11,906] [INFO] [preprocess_autism] [preprocess_autism.py:158]: [13/20] Subject: sub-ab08 | Time: 3.5s | Average: 0.9s | ETA: 6s
[2026-06-27 03:57:12,314] [INFO] [preprocess_autism] [preprocess_autism.py:158]: [14/20] Subject: sub-ab19 | Time: 3.0s | Average: 0.9s | ETA: 5s
[2026-06-27 03:57:12,331] [INFO] [preprocess_autism] [preprocess_autism.py:158]: [15/20] Subject: sub-ab18 | Time: 3.1s | Average: 0.8s | ETA: 4s
[2026-06-27 03:57:12,411] [INFO] [preprocess_autism] [preprocess_autism.py:158]: [16/20] Subject: sub-ab09 | Time: 2.9s | Average: 0.8s | ETA: 3s
[2026-06-27 03:57:12,928] [INFO] [preprocess_autism] [preprocess_autism.py:158]: [17/20] Subject: sub-ab11 | Time: 2.1s | Average: 0.7s | ETA: 2s
[2026-06-27 03:57:13,664] [INFO] [preprocess_autism] [preprocess_autism.py:158]: [18/20] Subject: sub-ab14 | Time: 1.5s | Average: 0.7s | ETA: 1s
[2026-06-27 03:57:13,997] [INFO] [preprocess_autism] [preprocess_autism.py:158]: [19/20] Subject: sub-ab16 | Time: 1.4s | Average: 0.7s | ETA: 0s
[2026-06-27 03:57:14,446] [INFO] [preprocess_autism] [preprocess_autism.py:158]: [20/20] Subject: sub-ab20 | Time: 1.3s | Average: 0.7s | ETA: 0s
[2026-06-27 03:57:15,683] [INFO] [preprocess_autism] [preprocess_autism.py:165]: Offline dataset preprocessing completed. Successfully preprocessed: 20/20
[2026-06-27 03:57:32,620] [INFO] [preprocess_autism] [preprocess_autism.py:93]: Starting offline dataset preprocessing...
[2026-06-27 03:57:32,621] [INFO] [preprocess_autism] [preprocess_autism.py:113]: All subjects already preprocessed. Nothing to do.
[2026-06-27 04:15:27,024] [INFO] [preprocess_autism] [preprocess_autism.py:93]: Starting offline dataset preprocessing...
[2026-06-27 04:15:27,032] [INFO] [preprocess_autism] [preprocess_autism.py:116]: Submitting 20 subjects for preprocessing (using default workers)...
[2026-06-27 04:15:37,697] [INFO] [preprocess_autism] [preprocess_autism.py:158]: [1/20] Subject: sub-ab06 | Time: 3.6s | Average: 10.7s | ETA: 3m 22s
[2026-06-27 04:15:37,697] [INFO] [preprocess_autism] [preprocess_autism.py:158]: [2/20] Subject: sub-ab03 | Time: 2.9s | Average: 5.3s | ETA: 1m 35s
[2026-06-27 04:15:37,697] [INFO] [preprocess_autism] [preprocess_autism.py:158]: [3/20] Subject: sub-ab05 | Time: 3.3s | Average: 3.6s | ETA: 1m 0s
[2026-06-27 04:15:37,698] [INFO] [preprocess_autism] [preprocess_autism.py:158]: [4/20] Subject: sub-ab01 | Time: 2.2s | Average: 2.7s | ETA: 42s
[2026-06-27 04:15:37,698] [INFO] [preprocess_autism] [preprocess_autism.py:158]: [5/20] Subject: sub-ab02 | Time: 2.5s | Average: 2.1s | ETA: 31s
[2026-06-27 04:15:37,698] [INFO] [preprocess_autism] [preprocess_autism.py:158]: [6/20] Subject: sub-ab13 | Time: 3.5s | Average: 1.8s | ETA: 24s
[2026-06-27 04:15:37,698] [INFO] [preprocess_autism] [preprocess_autism.py:158]: [7/20] Subject: sub-ab11 | Time: 3.5s | Average: 1.5s | ETA: 19s
[2026-06-27 04:15:37,698] [INFO] [preprocess_autism] [preprocess_autism.py:158]: [8/20] Subject: sub-ab10 | Time: 3.3s | Average: 1.3s | ETA: 15s
[2026-06-27 04:15:37,699] [INFO] [preprocess_autism] [preprocess_autism.py:158]: [9/20] Subject: sub-ab04 | Time: 3.0s | Average: 1.2s | ETA: 13s
[2026-06-27 04:15:37,865] [INFO] [preprocess_autism] [preprocess_autism.py:158]: [10/20] Subject: sub-ab15 | Time: 3.5s | Average: 1.1s | ETA: 10s
[2026-06-27 04:15:37,915] [INFO] [preprocess_autism] [preprocess_autism.py:158]: [11/20] Subject: sub-ab07 | Time: 3.6s | Average: 1.0s | ETA: 8s
[2026-06-27 04:15:38,601] [INFO] [preprocess_autism] [preprocess_autism.py:158]: [12/20] Subject: sub-ab08 | Time: 3.5s | Average: 1.0s | ETA: 7s
[2026-06-27 04:15:38,777] [INFO] [preprocess_autism] [preprocess_autism.py:158]: [13/20] Subject: sub-ab17 | Time: 3.6s | Average: 0.9s | ETA: 6s
[2026-06-27 04:15:39,404] [INFO] [preprocess_autism] [preprocess_autism.py:158]: [14/20] Subject: sub-ab18 | Time: 3.2s | Average: 0.9s | ETA: 5s
[2026-06-27 04:15:39,418] [INFO] [preprocess_autism] [preprocess_autism.py:158]: [15/20] Subject: sub-ab19 | Time: 3.2s | Average: 0.8s | ETA: 4s
[2026-06-27 04:15:39,578] [INFO] [preprocess_autism] [preprocess_autism.py:158]: [16/20] Subject: sub-ab09 | Time: 3.0s | Average: 0.8s | ETA: 3s
[2026-06-27 04:15:40,168] [INFO] [preprocess_autism] [preprocess_autism.py:158]: [17/20] Subject: sub-ab12 | Time: 2.3s | Average: 0.8s | ETA: 2s
[2026-06-27 04:15:40,935] [INFO] [preprocess_autism] [preprocess_autism.py:158]: [18/20] Subject: sub-ab14 | Time: 1.7s | Average: 0.8s | ETA: 1s
[2026-06-27 04:15:41,171] [INFO] [preprocess_autism] [preprocess_autism.py:158]: [19/20] Subject: sub-ab16 | Time: 1.6s | Average: 0.7s | ETA: 0s
[2026-06-27 04:15:41,750] [INFO] [preprocess_autism] [preprocess_autism.py:158]: [20/20] Subject: sub-ab20 | Time: 1.4s | Average: 0.7s | ETA: 0s
[2026-06-27 04:15:43,040] [INFO] [preprocess_autism] [preprocess_autism.py:165]: Offline dataset preprocessing completed. Successfully preprocessed: 20/20
[2026-06-27 04:15:59,620] [INFO] [preprocess_autism] [preprocess_autism.py:93]: Starting offline dataset preprocessing...
[2026-06-27 04:15:59,622] [INFO] [preprocess_autism] [preprocess_autism.py:113]: All subjects already preprocessed. Nothing to do.
[2026-06-27 04:16:57,164] [INFO] [preprocess_autism] [preprocess_autism.py:130]: Starting offline dataset preprocessing...
[2026-06-27 04:16:57,174] [INFO] [preprocess_autism] [preprocess_autism.py:153]: Submitting 20 subjects for preprocessing (using default workers)...
[2026-06-27 04:17:07,058] [INFO] [preprocess_autism] [preprocess_autism.py:196]: [1/20] Subject: sub-ab02 | Time: 2.8s | Average: 9.9s | ETA: 3m 7s
[2026-06-27 04:17:07,059] [INFO] [preprocess_autism] [preprocess_autism.py:202]:   Reorient             0.0 s
[2026-06-27 04:17:07,059] [INFO] [preprocess_autism] [preprocess_autism.py:202]:   BiasFieldCorrector   1.4 s
[2026-06-27 04:17:07,059] [INFO] [preprocess_autism] [preprocess_autism.py:202]:   SkullStripper        0.0 s
[2026-06-27 04:17:07,059] [INFO] [preprocess_autism] [preprocess_autism.py:202]:   IntensityNormalizer   0.0 s
[2026-06-27 04:17:07,060] [INFO] [preprocess_autism] [preprocess_autism.py:196]: [2/20] Subject: sub-ab05 | Time: 3.5s | Average: 4.9s | ETA: 1m 28s
[2026-06-27 04:17:07,060] [INFO] [preprocess_autism] [preprocess_autism.py:202]:   Reorient             0.0 s
[2026-06-27 04:17:07,060] [INFO] [preprocess_autism] [preprocess_autism.py:202]:   BiasFieldCorrector   1.9 s
[2026-06-27 04:17:07,060] [INFO] [preprocess_autism] [preprocess_autism.py:202]:   SkullStripper        0.1 s
[2026-06-27 04:17:07,061] [INFO] [preprocess_autism] [preprocess_autism.py:202]:   IntensityNormalizer   0.0 s
[2026-06-27 04:17:07,061] [INFO] [preprocess_autism] [preprocess_autism.py:196]: [3/20] Subject: sub-ab01 | Time: 2.6s | Average: 3.3s | ETA: 56s
[2026-06-27 04:17:07,061] [INFO] [preprocess_autism] [preprocess_autism.py:202]:   Reorient             0.0 s
[2026-06-27 04:17:07,061] [INFO] [preprocess_autism] [preprocess_autism.py:202]:   BiasFieldCorrector   1.4 s
[2026-06-27 04:17:07,061] [INFO] [preprocess_autism] [preprocess_autism.py:202]:   SkullStripper        0.0 s
[2026-06-27 04:17:07,061] [INFO] [preprocess_autism] [preprocess_autism.py:202]:   IntensityNormalizer   0.0 s
[2026-06-27 04:17:07,061] [INFO] [preprocess_autism] [preprocess_autism.py:196]: [4/20] Subject: sub-ab03 | Time: 2.9s | Average: 2.5s | ETA: 39s
[2026-06-27 04:17:07,061] [INFO] [preprocess_autism] [preprocess_autism.py:202]:   Reorient             0.0 s
[2026-06-27 04:17:07,061] [INFO] [preprocess_autism] [preprocess_autism.py:202]:   BiasFieldCorrector   1.4 s
[2026-06-27 04:17:07,062] [INFO] [preprocess_autism] [preprocess_autism.py:202]:   SkullStripper        0.1 s
[2026-06-27 04:17:07,062] [INFO] [preprocess_autism] [preprocess_autism.py:202]:   IntensityNormalizer   0.0 s
[2026-06-27 04:17:07,062] [INFO] [preprocess_autism] [preprocess_autism.py:196]: [5/20] Subject: sub-ab04 | Time: 3.3s | Average: 2.0s | ETA: 29s
[2026-06-27 04:17:07,062] [INFO] [preprocess_autism] [preprocess_autism.py:202]:   Reorient             0.0 s
[2026-06-27 04:17:07,062] [INFO] [preprocess_autism] [preprocess_autism.py:202]:   BiasFieldCorrector   1.7 s
[2026-06-27 04:17:07,062] [INFO] [preprocess_autism] [preprocess_autism.py:202]:   SkullStripper        0.1 s
[2026-06-27 04:17:07,062] [INFO] [preprocess_autism] [preprocess_autism.py:202]:   IntensityNormalizer   0.0 s
[2026-06-27 04:17:07,063] [INFO] [preprocess_autism] [preprocess_autism.py:196]: [6/20] Subject: sub-ab11 | Time: 3.8s | Average: 1.6s | ETA: 23s
[2026-06-27 04:17:07,063] [INFO] [preprocess_autism] [preprocess_autism.py:202]:   Reorient             0.0 s
[2026-06-27 04:17:07,063] [INFO] [preprocess_autism] [preprocess_autism.py:202]:   BiasFieldCorrector   1.9 s
[2026-06-27 04:17:07,063] [INFO] [preprocess_autism] [preprocess_autism.py:202]:   SkullStripper        0.1 s
[2026-06-27 04:17:07,063] [INFO] [preprocess_autism] [preprocess_autism.py:202]:   IntensityNormalizer   0.0 s
[2026-06-27 04:17:07,063] [INFO] [preprocess_autism] [preprocess_autism.py:196]: [7/20] Subject: sub-ab10 | Time: 3.4s | Average: 1.4s | ETA: 18s
[2026-06-27 04:17:07,063] [INFO] [preprocess_autism] [preprocess_autism.py:202]:   Reorient             0.0 s
[2026-06-27 04:17:07,063] [INFO] [preprocess_autism] [preprocess_autism.py:202]:   BiasFieldCorrector   1.9 s
[2026-06-27 04:17:07,063] [INFO] [preprocess_autism] [preprocess_autism.py:202]:   SkullStripper        0.0 s
[2026-06-27 04:17:07,063] [INFO] [preprocess_autism] [preprocess_autism.py:202]:   IntensityNormalizer   0.0 s
[2026-06-27 04:17:07,906] [INFO] [preprocess_autism] [preprocess_autism.py:196]: [8/20] Subject: sub-ab06 | Time: 4.1s | Average: 1.3s | ETA: 16s
[2026-06-27 04:17:07,907] [INFO] [preprocess_autism] [preprocess_autism.py:202]:   Reorient             0.0 s
[2026-06-27 04:17:07,907] [INFO] [preprocess_autism] [preprocess_autism.py:202]:   BiasFieldCorrector   2.3 s
[2026-06-27 04:17:07,907] [INFO] [preprocess_autism] [preprocess_autism.py:202]:   SkullStripper        0.1 s
[2026-06-27 04:17:07,907] [INFO] [preprocess_autism] [preprocess_autism.py:202]:   IntensityNormalizer   0.0 s
[2026-06-27 04:17:08,155] [INFO] [preprocess_autism] [preprocess_autism.py:196]: [9/20] Subject: sub-ab13 | Time: 4.1s | Average: 1.2s | ETA: 13s
[2026-06-27 04:17:08,156] [INFO] [preprocess_autism] [preprocess_autism.py:202]:   Reorient             0.0 s
[2026-06-27 04:17:08,156] [INFO] [preprocess_autism] [preprocess_autism.py:202]:   BiasFieldCorrector   2.4 s
[2026-06-27 04:17:08,156] [INFO] [preprocess_autism] [preprocess_autism.py:202]:   SkullStripper        0.1 s
[2026-06-27 04:17:08,156] [INFO] [preprocess_autism] [preprocess_autism.py:202]:   IntensityNormalizer   0.0 s
[2026-06-27 04:17:09,056] [INFO] [preprocess_autism] [preprocess_autism.py:196]: [10/20] Subject: sub-ab07 | Time: 4.3s | Average: 1.2s | ETA: 11s
[2026-06-27 04:17:09,057] [INFO] [preprocess_autism] [preprocess_autism.py:202]:   Reorient             0.0 s
[2026-06-27 04:17:09,057] [INFO] [preprocess_autism] [preprocess_autism.py:202]:   BiasFieldCorrector   2.6 s
[2026-06-27 04:17:09,057] [INFO] [preprocess_autism] [preprocess_autism.py:202]:   SkullStripper        0.1 s
[2026-06-27 04:17:09,057] [INFO] [preprocess_autism] [preprocess_autism.py:202]:   IntensityNormalizer   0.0 s
[2026-06-27 04:17:09,372] [INFO] [preprocess_autism] [preprocess_autism.py:196]: [11/20] Subject: sub-ab15 | Time: 4.2s | Average: 1.1s | ETA: 9s
[2026-06-27 04:17:09,372] [INFO] [preprocess_autism] [preprocess_autism.py:202]:   Reorient             0.0 s
[2026-06-27 04:17:09,373] [INFO] [preprocess_autism] [preprocess_autism.py:202]:   BiasFieldCorrector   2.5 s
[2026-06-27 04:17:09,373] [INFO] [preprocess_autism] [preprocess_autism.py:202]:   SkullStripper        0.1 s
[2026-06-27 04:17:09,373] [INFO] [preprocess_autism] [preprocess_autism.py:202]:   IntensityNormalizer   0.0 s
[2026-06-27 04:17:09,823] [INFO] [preprocess_autism] [preprocess_autism.py:196]: [12/20] Subject: sub-ab17 | Time: 3.9s | Average: 1.1s | ETA: 8s
[2026-06-27 04:17:09,823] [INFO] [preprocess_autism] [preprocess_autism.py:202]:   Reorient             0.0 s
[2026-06-27 04:17:09,823] [INFO] [preprocess_autism] [preprocess_autism.py:202]:   BiasFieldCorrector   2.3 s
[2026-06-27 04:17:09,823] [INFO] [preprocess_autism] [preprocess_autism.py:202]:   SkullStripper        0.0 s
[2026-06-27 04:17:09,824] [INFO] [preprocess_autism] [preprocess_autism.py:202]:   IntensityNormalizer   0.0 s
[2026-06-27 04:17:09,940] [INFO] [preprocess_autism] [preprocess_autism.py:196]: [13/20] Subject: sub-ab08 | Time: 3.7s | Average: 1.0s | ETA: 6s
[2026-06-27 04:17:09,941] [INFO] [preprocess_autism] [preprocess_autism.py:202]:   Reorient             0.0 s
[2026-06-27 04:17:09,941] [INFO] [preprocess_autism] [preprocess_autism.py:202]:   BiasFieldCorrector   2.2 s
[2026-06-27 04:17:09,941] [INFO] [preprocess_autism] [preprocess_autism.py:202]:   SkullStripper        0.0 s
[2026-06-27 04:17:09,941] [INFO] [preprocess_autism] [preprocess_autism.py:202]:   IntensityNormalizer   0.0 s
[2026-06-27 04:17:10,303] [INFO] [preprocess_autism] [preprocess_autism.py:196]: [14/20] Subject: sub-ab18 | Time: 3.2s | Average: 0.9s | ETA: 5s
[2026-06-27 04:17:10,304] [INFO] [preprocess_autism] [preprocess_autism.py:202]:   Reorient             0.0 s
[2026-06-27 04:17:10,304] [INFO] [preprocess_autism] [preprocess_autism.py:202]:   BiasFieldCorrector   1.8 s
[2026-06-27 04:17:10,304] [INFO] [preprocess_autism] [preprocess_autism.py:202]:   SkullStripper        0.0 s
[2026-06-27 04:17:10,304] [INFO] [preprocess_autism] [preprocess_autism.py:202]:   IntensityNormalizer   0.0 s
[2026-06-27 04:17:10,304] [INFO] [preprocess_autism] [preprocess_autism.py:196]: [15/20] Subject: sub-ab19 | Time: 3.2s | Average: 0.9s | ETA: 4s
[2026-06-27 04:17:10,304] [INFO] [preprocess_autism] [preprocess_autism.py:202]:   Reorient             0.0 s
[2026-06-27 04:17:10,304] [INFO] [preprocess_autism] [preprocess_autism.py:202]:   BiasFieldCorrector   1.8 s
[2026-06-27 04:17:10,305] [INFO] [preprocess_autism] [preprocess_autism.py:202]:   SkullStripper        0.0 s
[2026-06-27 04:17:10,305] [INFO] [preprocess_autism] [preprocess_autism.py:202]:   IntensityNormalizer   0.0 s
[2026-06-27 04:17:10,566] [INFO] [preprocess_autism] [preprocess_autism.py:196]: [16/20] Subject: sub-ab09 | Time: 3.0s | Average: 0.8s | ETA: 3s
[2026-06-27 04:17:10,567] [INFO] [preprocess_autism] [preprocess_autism.py:202]:   Reorient             0.0 s
[2026-06-27 04:17:10,567] [INFO] [preprocess_autism] [preprocess_autism.py:202]:   BiasFieldCorrector   1.6 s
[2026-06-27 04:17:10,567] [INFO] [preprocess_autism] [preprocess_autism.py:202]:   SkullStripper        0.0 s
[2026-06-27 04:17:10,567] [INFO] [preprocess_autism] [preprocess_autism.py:202]:   IntensityNormalizer   0.0 s
[2026-06-27 04:17:11,193] [INFO] [preprocess_autism] [preprocess_autism.py:196]: [17/20] Subject: sub-ab12 | Time: 2.3s | Average: 0.8s | ETA: 2s
[2026-06-27 04:17:11,193] [INFO] [preprocess_autism] [preprocess_autism.py:202]:   Reorient             0.0 s
[2026-06-27 04:17:11,193] [INFO] [preprocess_autism] [preprocess_autism.py:202]:   BiasFieldCorrector   1.2 s
[2026-06-27 04:17:11,193] [INFO] [preprocess_autism] [preprocess_autism.py:202]:   SkullStripper        0.0 s
[2026-06-27 04:17:11,194] [INFO] [preprocess_autism] [preprocess_autism.py:202]:   IntensityNormalizer   0.0 s
[2026-06-27 04:17:11,954] [INFO] [preprocess_autism] [preprocess_autism.py:196]: [18/20] Subject: sub-ab14 | Time: 2.0s | Average: 0.8s | ETA: 1s
[2026-06-27 04:17:11,955] [INFO] [preprocess_autism] [preprocess_autism.py:202]:   Reorient             0.0 s
[2026-06-27 04:17:11,955] [INFO] [preprocess_autism] [preprocess_autism.py:202]:   BiasFieldCorrector   1.0 s
[2026-06-27 04:17:11,955] [INFO] [preprocess_autism] [preprocess_autism.py:202]:   SkullStripper        0.0 s
[2026-06-27 04:17:11,955] [INFO] [preprocess_autism] [preprocess_autism.py:202]:   IntensityNormalizer   0.0 s
[2026-06-27 04:17:12,606] [INFO] [preprocess_autism] [preprocess_autism.py:196]: [19/20] Subject: sub-ab16 | Time: 1.8s | Average: 0.8s | ETA: 0s
[2026-06-27 04:17:12,606] [INFO] [preprocess_autism] [preprocess_autism.py:202]:   Reorient             0.0 s
[2026-06-27 04:17:12,606] [INFO] [preprocess_autism] [preprocess_autism.py:202]:   BiasFieldCorrector   1.0 s
[2026-06-27 04:17:12,606] [INFO] [preprocess_autism] [preprocess_autism.py:202]:   SkullStripper        0.0 s
[2026-06-27 04:17:12,606] [INFO] [preprocess_autism] [preprocess_autism.py:202]:   IntensityNormalizer   0.0 s
[2026-06-27 04:17:12,998] [INFO] [preprocess_autism] [preprocess_autism.py:196]: [20/20] Subject: sub-ab20 | Time: 1.6s | Average: 0.8s | ETA: 0s
[2026-06-27 04:17:12,999] [INFO] [preprocess_autism] [preprocess_autism.py:202]:   Reorient             0.0 s
[2026-06-27 04:17:12,999] [INFO] [preprocess_autism] [preprocess_autism.py:202]:   BiasFieldCorrector   1.0 s
[2026-06-27 04:17:12,999] [INFO] [preprocess_autism] [preprocess_autism.py:202]:   SkullStripper        0.0 s
[2026-06-27 04:17:12,999] [INFO] [preprocess_autism] [preprocess_autism.py:202]:   IntensityNormalizer   0.0 s
[2026-06-27 04:17:14,901] [INFO] [preprocess_autism] [preprocess_autism.py:206]: Offline dataset preprocessing completed. Successfully preprocessed: 20/20
[2026-06-27 04:17:32,639] [INFO] [preprocess_autism] [preprocess_autism.py:130]: Starting offline dataset preprocessing...
[2026-06-27 04:17:32,641] [INFO] [preprocess_autism] [preprocess_autism.py:150]: All subjects already preprocessed. Nothing to do.
